D:\SXX\PROJECTS\ADAPTABLEHOD\ADAPTABLEHOD\DEBUG\ADAPTABLEHOD.EXE.INTERMEDIATE.MANIFEST
D:\SXX\Projects\AdaptableHOD\AdaptableHOD\Debug\AdaptableHOD.vcxprojResolveAssemblyReference.cache
D:\SXX\Projects\AdaptableHOD\AdaptableHOD\Debug\AdaptableHOD.write.1.tlog
D:\SXX\Projects\AdaptableHOD\AdaptableHOD\Debug\cl.command.1.tlog
D:\SXX\Projects\AdaptableHOD\AdaptableHOD\Debug\CL.read.1.tlog
D:\SXX\Projects\AdaptableHOD\AdaptableHOD\Debug\CL.write.1.tlog
D:\SXX\PROJECTS\ADAPTABLEHOD\ADAPTABLEHOD\DEBUG\DEFAULTDENOISESTRATEGY.OBJ
D:\SXX\PROJECTS\ADAPTABLEHOD\ADAPTABLEHOD\DEBUG\DEFAULTSEGMENTSTRATEGY.OBJ
D:\SXX\PROJECTS\ADAPTABLEHOD\ADAPTABLEHOD\DEBUG\DENOISEPROCESSOR.OBJ
D:\SXX\PROJECTS\ADAPTABLEHOD\ADAPTABLEHOD\DEBUG\HOD.OBJ
D:\SXX\PROJECTS\ADAPTABLEHOD\ADAPTABLEHOD\DEBUG\KSW2DSEGMENT.OBJ
D:\SXX\PROJECTS\ADAPTABLEHOD\ADAPTABLEHOD\DEBUG\KSWSEGMENT.OBJ
D:\SXX\PROJECTS\ADAPTABLEHOD\ADAPTABLEHOD\DEBUG\LATERALINHIBITION.OBJ
D:\SXX\Projects\AdaptableHOD\AdaptableHOD\Debug\link.14364.read.1.tlog
D:\SXX\Projects\AdaptableHOD\AdaptableHOD\Debug\link.14364.write.1.tlog
D:\SXX\Projects\AdaptableHOD\AdaptableHOD\Debug\link.19996.read.1.tlog
D:\SXX\Projects\AdaptableHOD\AdaptableHOD\Debug\link.19996.write.1.tlog
D:\SXX\Projects\AdaptableHOD\AdaptableHOD\Debug\link.20208.read.1.tlog
D:\SXX\Projects\AdaptableHOD\AdaptableHOD\Debug\link.20208.write.1.tlog
D:\SXX\Projects\AdaptableHOD\AdaptableHOD\Debug\link.24652.read.1.tlog
D:\SXX\Projects\AdaptableHOD\AdaptableHOD\Debug\link.24652.write.1.tlog
D:\SXX\Projects\AdaptableHOD\AdaptableHOD\Debug\link.26936.read.1.tlog
D:\SXX\Projects\AdaptableHOD\AdaptableHOD\Debug\link.26936.write.1.tlog
D:\SXX\Projects\AdaptableHOD\AdaptableHOD\Debug\link.4504.read.1.tlog
D:\SXX\Projects\AdaptableHOD\AdaptableHOD\Debug\link.4504.write.1.tlog
D:\SXX\Projects\AdaptableHOD\AdaptableHOD\Debug\link.7372.read.1.tlog
D:\SXX\Projects\AdaptableHOD\AdaptableHOD\Debug\link.7372.write.1.tlog
D:\SXX\Projects\AdaptableHOD\AdaptableHOD\Debug\link.command.1.tlog
D:\SXX\Projects\AdaptableHOD\AdaptableHOD\Debug\link.read.1.tlog
D:\SXX\Projects\AdaptableHOD\AdaptableHOD\Debug\link.write.1.tlog
D:\SXX\PROJECTS\ADAPTABLEHOD\ADAPTABLEHOD\DEBUG\MAIN.OBJ
D:\SXX\PROJECTS\ADAPTABLEHOD\ADAPTABLEHOD\DEBUG\MAXMEDIANFILTER.OBJ
D:\SXX\Projects\AdaptableHOD\AdaptableHOD\Debug\mt.command.1.tlog
D:\SXX\Projects\AdaptableHOD\AdaptableHOD\Debug\mt.read.1.tlog
D:\SXX\Projects\AdaptableHOD\AdaptableHOD\Debug\mt.write.1.tlog
D:\SXX\PROJECTS\ADAPTABLEHOD\ADAPTABLEHOD\DEBUG\MULTFRAMESPROCESSORS.OBJ
D:\SXX\PROJECTS\ADAPTABLEHOD\ADAPTABLEHOD\DEBUG\OTSUSEGMENT.OBJ
D:\SXX\PROJECTS\ADAPTABLEHOD\ADAPTABLEHOD\DEBUG\SEGMENTPROCESSOR.OBJ
D:\SXX\PROJECTS\ADAPTABLEHOD\ADAPTABLEHOD\DEBUG\SEGMENTSTRATEGY.OBJ
D:\SXX\Projects\AdaptableHOD\AdaptableHOD\Debug\vc100.idb
D:\SXX\PROJECTS\ADAPTABLEHOD\ADAPTABLEHOD\DEBUG\VC100.PDB
D:\SXX\PROJECTS\ADAPTABLEHOD\DEBUG\ADAPTABLEHOD.EXE
D:\SXX\PROJECTS\ADAPTABLEHOD\DEBUG\ADAPTABLEHOD.EXE.MANIFEST
D:\SXX\PROJECTS\ADAPTABLEHOD\DEBUG\ADAPTABLEHOD.ILK
D:\SXX\PROJECTS\ADAPTABLEHOD\DEBUG\ADAPTABLEHOD.PDB
